This is pdfTeX, Version 3.14159265-2.6-1.40.15 (TeX Live 2014) (preloaded format=pdflatex 2014.10.11)  1 MAR 2015 20:41
entering extended mode
 restricted \write18 enabled.
 %&-line parsing enabled.
**stilmittel.tex -recorder
(./stilmittel.tex
LaTeX2e <2014/05/01>
Babel <3.9k> and hyphenation patterns for 78 languages loaded.
(./preamble.tex (/usr/local/texlive/2014/texmf-dist/tex/latex/base/article.cls
Document Class: article 2007/10/19 v1.4h Standard LaTeX document class
(/usr/local/texlive/2014/texmf-dist/tex/latex/base/size12.clo
File: size12.clo 2007/10/19 v1.4h Standard LaTeX file (size option)
)
\c@part=\count79
\c@section=\count80
\c@subsection=\count81
\c@subsubsection=\count82
\c@paragraph=\count83
\c@subparagraph=\count84
\c@figure=\count85
\c@table=\count86
\abovecaptionskip=\skip41
\belowcaptionskip=\skip42
\bibindent=\dimen102
)
(/usr/local/texlive/2014/texmf-dist/tex/generic/babel/babel.sty
Package: babel 2014/03/24 3.9k The Babel package

(/usr/local/texlive/2014/texmf-dist/tex/generic/babel-german/german.ldf
Language: german 2013/12/13 v2.7 German support for babel (traditional orthogra
phy)

(/usr/local/texlive/2014/texmf-dist/tex/generic/babel-german/germanb.ldf
Language: germanb 2013/12/13 v2.7 German support for babel (traditional orthogr
aphy)

(/usr/local/texlive/2014/texmf-dist/tex/generic/babel/babel.def
File: babel.def 2014/03/24 3.9k Babel common definitions
\babel@savecnt=\count87
\U@D=\dimen103
)
\l@austrian = a dialect from \language\l@german 
Package babel Info: Making " an active character on input line 107.
)))
(/usr/local/texlive/2014/texmf-dist/tex/latex/csquotes/csquotes.sty
Package: csquotes 2011/10/22 v5.1d context-sensitive quotations

(/usr/local/texlive/2014/texmf-dist/tex/latex/etoolbox/etoolbox.sty
Package: etoolbox 2011/01/03 v2.1 e-TeX tools for LaTeX

(/usr/local/texlive/2014/texmf-dist/tex/latex/etex-pkg/etex.sty
Package: etex 1998/03/26 v2.0 eTeX basic definition package (PEB)
\et@xins=\count88
)
\etb@tempcnta=\count89
)
(/usr/local/texlive/2014/texmf-dist/tex/latex/graphics/keyval.sty
Package: keyval 2014/05/08 v1.15 key=value parser (DPC)
\KV@toks@=\toks14
)
\csq@reset=\count90
\csq@gtype=\count91
\csq@glevel=\count92
\csq@qlevel=\count93
\csq@maxlvl=\count94
\csq@tshold=\count95
\csq@ltx@everypar=\toks15

(/usr/local/texlive/2014/texmf-dist/tex/latex/csquotes/csquotes.def
File: csquotes.def 2011/10/22 v5.1d csquotes generic definitions
)
Package csquotes Info: Trying to load configuration file 'csquotes.cfg'...
Package csquotes Info: ... configuration file loaded successfully.

(/usr/local/texlive/2014/texmf-dist/tex/latex/csquotes/csquotes.cfg
File: csquotes.cfg 
)
Package csquotes Info: Enabling multilingual quotes.
)
(/usr/local/texlive/2014/texmf-dist/tex/latex/geometry/geometry.sty
Package: geometry 2010/09/12 v5.6 Page Geometry

(/usr/local/texlive/2014/texmf-dist/tex/generic/oberdiek/ifpdf.sty
Package: ifpdf 2011/01/30 v2.3 Provides the ifpdf switch (HO)
Package ifpdf Info: pdfTeX in PDF mode is detected.
)
(/usr/local/texlive/2014/texmf-dist/tex/generic/oberdiek/ifvtex.sty
Package: ifvtex 2010/03/01 v1.5 Detect VTeX and its facilities (HO)
Package ifvtex Info: VTeX not detected.
)
(/usr/local/texlive/2014/texmf-dist/tex/generic/ifxetex/ifxetex.sty
Package: ifxetex 2010/09/12 v0.6 Provides ifxetex conditional
)
\Gm@cnth=\count96
\Gm@cntv=\count97
\c@Gm@tempcnt=\count98
\Gm@bindingoffset=\dimen104
\Gm@wd@mp=\dimen105
\Gm@odd@mp=\dimen106
\Gm@even@mp=\dimen107
\Gm@layoutwidth=\dimen108
\Gm@layoutheight=\dimen109
\Gm@layouthoffset=\dimen110
\Gm@layoutvoffset=\dimen111
\Gm@dimlist=\toks16
)
(/usr/local/texlive/2014/texmf-dist/tex/latex/tools/longtable.sty
Package: longtable 2004/02/01 v4.11 Multi-page Table package (DPC)
\LTleft=\skip43
\LTright=\skip44
\LTpre=\skip45
\LTpost=\skip46
\LTchunksize=\count99
\LTcapwidth=\dimen112
\LT@head=\box26
\LT@firsthead=\box27
\LT@foot=\box28
\LT@lastfoot=\box29
\LT@cols=\count100
\LT@rows=\count101
\c@LT@tables=\count102
\c@LT@chunks=\count103
\LT@p@ftn=\toks17
)
(/usr/local/texlive/2014/texmf-dist/tex/latex/colortbl/colortbl.sty
Package: colortbl 2012/02/13 v1.0a Color table columns (DPC)

(/usr/local/texlive/2014/texmf-dist/tex/latex/tools/array.sty
Package: array 2008/09/09 v2.4c Tabular extension package (FMi)
\col@sep=\dimen113
\extrarowheight=\dimen114
\NC@list=\toks18
\extratabsurround=\skip47
\backup@length=\skip48
)
(/usr/local/texlive/2014/texmf-dist/tex/latex/graphics/color.sty
Package: color 2014/04/23 v1.1a Standard LaTeX Color (DPC)

(/usr/local/texlive/2014/texmf-dist/tex/latex/latexconfig/color.cfg
File: color.cfg 2007/01/18 v1.5 color configuration of teTeX/TeXLive
)
Package color Info: Driver file: pdftex.def on input line 137.

(/usr/local/texlive/2014/texmf-dist/tex/latex/pdftex-def/pdftex.def
File: pdftex.def 2011/05/27 v0.06d Graphics/color for pdfTeX

(/usr/local/texlive/2014/texmf-dist/tex/generic/oberdiek/infwarerr.sty
Package: infwarerr 2010/04/08 v1.3 Providing info/warning/error messages (HO)
)
(/usr/local/texlive/2014/texmf-dist/tex/generic/oberdiek/ltxcmds.sty
Package: ltxcmds 2011/11/09 v1.22 LaTeX kernel commands for general use (HO)
)
\Gread@gobject=\count104
))
\everycr=\toks19
\minrowclearance=\skip49
)
(/usr/local/texlive/2014/texmf-dist/tex/latex/psnfss/helvet.sty
Package: helvet 2005/04/12 PSNFSS-v9.2a (WaS) 
)
(/usr/local/texlive/2014/texmf-dist/tex/latex/base/fontenc.sty
Package: fontenc 2005/09/27 v1.99g Standard LaTeX package

(/usr/local/texlive/2014/texmf-dist/tex/latex/base/t1enc.def
File: t1enc.def 2005/09/27 v1.99g Standard LaTeX file
LaTeX Font Info:    Redeclaring font encoding T1 on input line 43.
)))
Package csquotes Info: Checking for multilingual support...
Package csquotes Info: ... found 'babel' package.

(./stilmittel.aux)
\openout1 = `stilmittel.aux'.

LaTeX Font Info:    Checking defaults for OML/cmm/m/it on input line 5.
LaTeX Font Info:    ... okay on input line 5.
LaTeX Font Info:    Checking defaults for T1/cmr/m/n on input line 5.
LaTeX Font Info:    ... okay on input line 5.
LaTeX Font Info:    Checking defaults for OT1/cmr/m/n on input line 5.
LaTeX Font Info:    ... okay on input line 5.
LaTeX Font Info:    Checking defaults for OMS/cmsy/m/n on input line 5.
LaTeX Font Info:    ... okay on input line 5.
LaTeX Font Info:    Checking defaults for OMX/cmex/m/n on input line 5.
LaTeX Font Info:    ... okay on input line 5.
LaTeX Font Info:    Checking defaults for U/cmr/m/n on input line 5.
LaTeX Font Info:    ... okay on input line 5.
LaTeX Font Info:    Try loading font information for T1+phv on input line 5.

(/usr/local/texlive/2014/texmf-dist/tex/latex/psnfss/t1phv.fd
File: t1phv.fd 2001/06/04 scalable font definitions for T1/phv.
)
LaTeX Font Info:    Font shape `T1/phv/m/n' will be
(Font)              scaled to size 11.39996pt on input line 5.

*geometry* driver: auto-detecting
*geometry* detected driver: pdftex
*geometry* verbose mode - [ preamble ] result:
* driver: pdftex
* paper: a4paper
* layout: <same size as paper>
* layoutoffset:(h,v)=(0.0pt,0.0pt)
* modes: 
* h-part:(L,W,R)=(72.26999pt, 452.9679pt, 72.26999pt)
* v-part:(T,H,B)=(72.26999pt, 700.50687pt, 72.26999pt)
* \paperwidth=597.50787pt
* \paperheight=845.04684pt
* \textwidth=452.9679pt
* \textheight=700.50687pt
* \oddsidemargin=0.0pt
* \evensidemargin=0.0pt
* \topmargin=-37.0pt
* \headheight=12.0pt
* \headsep=25.0pt
* \topskip=12.0pt
* \footskip=30.0pt
* \marginparwidth=44.0pt
* \marginparsep=10.0pt
* \columnsep=10.0pt
* \skip\footins=10.8pt plus 4.0pt minus 2.0pt
* \hoffset=0.0pt
* \voffset=0.0pt
* \mag=1000
* \@twocolumnfalse
* \@twosidefalse
* \@mparswitchfalse
* \@reversemarginfalse
* (1in=72.27pt=25.4mm, 1cm=28.453pt)

(/usr/local/texlive/2014/texmf-dist/tex/context/base/supp-pdf.mkii
[Loading MPS to PDF converter (version 2006.09.02).]
\scratchcounter=\count105
\scratchdimen=\dimen115
\scratchbox=\box30
\nofMPsegments=\count106
\nofMParguments=\count107
\everyMPshowfont=\toks20
\MPscratchCnt=\count108
\MPscratchDim=\dimen116
\MPnumerator=\count109
\makeMPintoPDFobject=\count110
\everyMPtoPDFconversion=\toks21
)
LaTeX Font Info:    Font shape `T1/phv/m/n' will be
(Font)              scaled to size 23.63593pt on input line 7.
LaTeX Font Info:    Font shape `T1/phv/bx/n' in size <24.88> not available
(Font)              Font shape `T1/phv/b/n' tried instead on input line 7.
LaTeX Font Info:    Font shape `T1/phv/b/n' will be
(Font)              scaled to size 23.63593pt on input line 7.
LaTeX Font Info:    Font shape `T1/phv/bx/n' in size <12> not available
(Font)              Font shape `T1/phv/b/n' tried instead on input line 18.
LaTeX Font Info:    Font shape `T1/phv/b/n' will be
(Font)              scaled to size 11.39996pt on input line 18.

Underfull \hbox (badness 2443) in paragraph at lines 18--18
[]|\T1/phv/m/n/12 Konkrete Dar-stel-lung ab-strak-ter
 []

LaTeX Font Info:    Font shape `T1/phv/m/it' in size <12> not available
(Font)              Font shape `T1/phv/m/sl' tried instead on input line 18.
LaTeX Font Info:    Font shape `T1/phv/m/sl' will be
(Font)              scaled to size 11.39996pt on input line 18.

Underfull \hbox (badness 1596) in paragraph at lines 22--22
[]|\T1/phv/m/n/12 Verbindung zwei-er Be-deu-tungs-
 []


Underfull \hbox (badness 3260) in paragraph at lines 22--23
[]|\T1/phv/m/sl/12 Redefluss; War-te-schlan-ge;
 []


Underfull \hbox (badness 5578) in paragraph at lines 26--26
[]|\T1/phv/m/n/12 Zuschreibung mensch-li-cher Ei-
 []

LaTeX Font Info:    Font shape `T1/phv/bx/it' in size <12> not available
(Font)              Font shape `T1/phv/b/it' tried instead on input line 30.
LaTeX Font Info:    Font shape `T1/phv/b/it' in size <12> not available
(Font)              Font shape `T1/phv/b/sl' tried instead on input line 30.
LaTeX Font Info:    Font shape `T1/phv/b/sl' will be
(Font)              scaled to size 11.39996pt on input line 30.

Underfull \hbox (badness 1867) in paragraph at lines 30--31
[]|\T1/phv/m/sl/12 Er kämpft \T1/phv/b/sl/12 wie \T1/phv/m/sl/12 ein Lö-we;
 []


Underfull \hbox (badness 5431) in paragraph at lines 34--34
[]|\T1/phv/m/n/12 Beschönigung / sanf-te-re Aus-
 []


Underfull \hbox (badness 1694) in paragraph at lines 34--34
\T1/phv/m/n/12 drücks-wei-se für et-was dra-ma-ti-
 []


Underfull \hbox (badness 1142) in paragraph at lines 34--35
[]|\T1/phv/m/n/12 ^^R  ent-schla-fen^^P \T1/phv/m/sl/12 an-statt \T1/phv/m/n/12
 ^^R  ster-
 []


Underfull \hbox (badness 3668) in paragraph at lines 50--51
[]|\T1/phv/m/sl/12 runde Ku-gel; al-ter Greis;
 []

LaTeX Font Info:    External font `cmex10' loaded for size
(Font)              <12> on input line 58.
LaTeX Font Info:    External font `cmex10' loaded for size
(Font)              <8> on input line 58.
LaTeX Font Info:    External font `cmex10' loaded for size
(Font)              <6> on input line 58.

Underfull \hbox (badness 3058) in paragraph at lines 58--58
[]|\T1/phv/m/n/12 Auslassung selbst-ver-ständ-li-cher,
 []


Underfull \hbox (badness 2495) in paragraph at lines 58--59
[]|\T1/phv/m/sl/12 Todesstille fürch-ter-lich; Im
 []


Underfull \hbox (badness 1137) in paragraph at lines 66--66
[]|\T1/phv/m/n/12 Wiederholung glei-cher Satz-bau-
 []


Underfull \hbox (badness 2027) in paragraph at lines 66--67
[]|\T1/phv/m/sl/12 Das Was-ser rauscht, das
 []


Underfull \hbox (badness 1584) in paragraph at lines 70--71
\T1/phv/m/sl/12 Topf und einen Blick aus
 []


Underfull \hbox (badness 10000) in paragraph at lines 78--78
[]|\T1/phv/m/n/12 Verbindung von zwei wie-der-
 []


Underfull \hbox (badness 10000) in paragraph at lines 94--95
[]|\T1/phv/m/sl/12 Ich kam, sah, sieg-te;
 []


Underfull \hbox (badness 6775) in paragraph at lines 94--95
\T1/phv/m/sl/12 Frei-heit, Glei-heit, Brü-der-
 []


Underfull \vbox (badness 10000) detected at line 96
 []


Underfull \hbox (badness 10000) in paragraph at lines 102--103
[]|\T1/phv/m/sl/12 Kuckuck; qua-ken; quiet-
 []


Underfull \hbox (badness 1092) in paragraph at lines 106--107
[]|\T1/phv/m/sl/12 Na toll!; Ei-ne schö-ne Be-
 []


Underfull \hbox (badness 10000) in paragraph at lines 118--118
[]|\T1/phv/m/n/12 Gleichlautende oder ähn-li-che
 []


Underfull \hbox (badness 10000) in paragraph at lines 118--118
\T1/phv/m/n/12 Wör-ter wer-den mit-ein-an-der
 []


Underfull \hbox (badness 3168) in paragraph at lines 122--122
[]|\T1/phv/m/n/12 Verbindung zwei-er Wör-ter aus
 []


Underfull \hbox (badness 10000) in paragraph at lines 122--122
\T1/phv/m/n/12 ver-wand-ten Wort-fa-mi-li-en aber
 []


Underfull \hbox (badness 1975) in paragraph at lines 122--122
\T1/phv/m/n/12 ver-schie-de-nen Wort-ar-ten (Verb,
 []


Underfull \hbox (badness 3977) in paragraph at lines 122--123
[]|\T1/phv/m/sl/12 jmd. ei-ne Gru-be gra-ben;
 []


Underfull \hbox (badness 5217) in paragraph at lines 122--123
\T1/phv/m/sl/12 noch nicht be-zahlt, aber
 []


Underfull \hbox (badness 1281) in paragraph at lines 122--123
\T1/phv/m/sl/12 nicht un-be-zahl-bar; mei-nes
 []


Underfull \hbox (badness 10000) in paragraph at lines 126--126
[]|\T1/phv/b/n/12 Paronomastischer
 []

[1

{/usr/local/texlive/2014/texmf-var/fonts/map/pdftex/updmap/pdftex.map}]
[2] [3] (./stilmittel.aux) ) 
Here is how much of TeX's memory you used:
 3339 strings out of 493117
 44539 string characters out of 6135432
 148838 words of memory out of 5000000
 6774 multiletter control sequences out of 15000+600000
 23098 words of font info for 35 fonts, out of 8000000 for 9000
 1141 hyphenation exceptions out of 8191
 36i,7n,32p,830b,490s stack positions out of 5000i,500n,10000p,200000b,80000s
{/usr/local/texlive/2014/texmf-dist/fonts/enc/dvips
/base/8r.enc}</usr/local/texlive/2014/texmf-dist/fonts/type1/public/amsfonts/cm
/cmsy10.pfb></usr/local/texlive/2014/texmf-dist/fonts/type1/urw/helvetic/uhvb8a
.pfb></usr/local/texlive/2014/texmf-dist/fonts/type1/urw/helvetic/uhvbo8a.pfb><
/usr/local/texlive/2014/texmf-dist/fonts/type1/urw/helvetic/uhvr8a.pfb></usr/lo
cal/texlive/2014/texmf-dist/fonts/type1/urw/helvetic/uhvro8a.pfb>
Output written on stilmittel.pdf (3 pages, 51361 bytes).
PDF statistics:
 35 PDF objects out of 1000 (max. 8388607)
 24 compressed objects within 1 object stream
 0 named destinations out of 1000 (max. 500000)
 1 words of extra memory for PDF output out of 10000 (max. 10000000)

